<?xml version="1.0" encoding="UTF-8"?>
<testsuite xmlns:xsi="http://www.w3.org/2001/XMLSchema-instance" xsi:noNamespaceSchemaLocation="https://maven.apache.org/surefire/maven-surefire-plugin/xsd/surefire-test-report.xsd" name="Add to cart" time="0.118" tests="1" errors="0" skipped="1" failures="0">
  <properties>
[...]
</properties>
  <testcase name="Add to cart and verify the message is displayed" classname="Add to cart" time="0">
    <skipped message="The step &quot;the customer is on the application homepage&quot; is undefined. You can implement it using tne snippet(s) below:&#10;&#10;@Given(&quot;the customer is on the application homepage&quot;)&#10;public void the_customer_is_on_the_application_homepage() {&#10;    // Write code here that turns the phrase above into concrete actions&#10;    throw new io.cucumber.java.PendingException();&#10;}&#10;&#10;Some other steps were also undefined:&#10;&#10;@When(&quot;the customer searched for a product&quot;)&#10;public void the_customer_searched_for_a_product() {&#10;    // Write code here that turns the phrase above into concrete actions&#10;    throw new io.cucumber.java.PendingException();&#10;}&#10;@When(&quot;adds the selected product to the cart&quot;)&#10;public void adds_the_selected_product_to_the_cart() {&#10;    // Write code here that turns the phrase above into concrete actions&#10;    throw new io.cucumber.java.PendingException();&#10;}&#10;@Then(&quot;the customer should be able to see the shopping cart updated with the productname&quot;)&#10;public void the_customer_should_be_able_to_see_the_shopping_cart_updated_with_the_productname() {&#10;    // Write code here that turns the phrase above into concrete actions&#10;    throw new io.cucumber.java.PendingException();&#10;}&#10;"/>
    <system-out><![CDATA[Feature: Add to cart
	In order to purchase an online product
	As an open cart customer
	I want to add a product successfully

  @add_to_cart
  Scenario: Add to cart and verify the message is displayed                                &amp#27;[90m# src/test/resources/addToCart.feature:9&amp#27;[0m
    &amp#27;[33mGiven &amp#27;[0m&amp#27;[33mthe customer is on the application homepage&amp#27;[0m                                      &amp#27;[90m# null&amp#27;[0m
    &amp#27;[33mWhen &amp#27;[0m&amp#27;[33mthe customer searched for a product&amp#27;[0m                                               &amp#27;[90m# null&amp#27;[0m
    &amp#27;[33mAnd &amp#27;[0m&amp#27;[33madds the selected product to the cart&amp#27;[0m                                              &amp#27;[90m# null&amp#27;[0m
    &amp#27;[33mThen &amp#27;[0m&amp#27;[33mthe customer should be able to see the shopping cart updated with the productname&amp#27;[0m &amp#27;[90m# null&amp#27;[0m

&amp#27;[33mUndefined scenarios:&amp#27;[0m
&amp#27;[33m///C:/Users/aparnaa/Documents/My Work/personal/cucumber-java-tutorial-master/src/test/resources/addToCart.feature:9 &amp#27;[0m# Add to cart and verify the message is displayed

1 Scenarios (&amp#27;[33m1 undefined&amp#27;[0m)
4 Steps (&amp#27;[33m4 undefined&amp#27;[0m)
0m0.120s


You can implement missing steps with the snippets below:

@Given("the customer is on the application homepage")
public void the_customer_is_on_the_application_homepage() {
    // Write code here that turns the phrase above into concrete actions
    throw new io.cucumber.java.PendingException();
}

@When("the customer searched for a product")
public void the_customer_searched_for_a_product() {
    // Write code here that turns the phrase above into concrete actions
    throw new io.cucumber.java.PendingException();
}

@When("adds the selected product to the cart")
public void adds_the_selected_product_to_the_cart() {
    // Write code here that turns the phrase above into concrete actions
    throw new io.cucumber.java.PendingException();
}

@Then("the customer should be able to see the shopping cart updated with the productname")
public void the_customer_should_be_able_to_see_the_shopping_cart_updated_with_the_productname() {
    // Write code here that turns the phrase above into concrete actions
    throw new io.cucumber.java.PendingException();
}


]]></system-out>
  </testcase>
</testsuite>